[2021-12-20 12:09:52Z INFO HostContext] No proxy settings were found based on environmental variables (http_proxy/https_proxy/HTTP_PROXY/HTTPS_PROXY)
[2021-12-20 12:09:52Z INFO HostContext] Well known directory 'Bin': 'C:\Users\Huber\Desktop\inzynieria-oprogramowania-2021-2022\actions-runner\bin'
[2021-12-20 12:09:52Z INFO HostContext] Well known directory 'Root': 'C:\Users\Huber\Desktop\inzynieria-oprogramowania-2021-2022\actions-runner'
[2021-12-20 12:09:52Z INFO HostContext] Well known config file 'Credentials': 'C:\Users\Huber\Desktop\inzynieria-oprogramowania-2021-2022\actions-runner\.credentials'
[2021-12-20 12:09:52Z INFO HostContext] Well known directory 'Bin': 'C:\Users\Huber\Desktop\inzynieria-oprogramowania-2021-2022\actions-runner\bin'
[2021-12-20 12:09:52Z INFO HostContext] Well known directory 'Root': 'C:\Users\Huber\Desktop\inzynieria-oprogramowania-2021-2022\actions-runner'
[2021-12-20 12:09:52Z INFO HostContext] Well known config file 'Runner': 'C:\Users\Huber\Desktop\inzynieria-oprogramowania-2021-2022\actions-runner\.runner'
[2021-12-20 12:09:52Z INFO Listener] Runner is built for Windows (X64) - win-x64.
[2021-12-20 12:09:52Z INFO Listener] RuntimeInformation: Microsoft Windows 10.0.19043.
[2021-12-20 12:09:52Z INFO Listener] Version: 2.285.1
[2021-12-20 12:09:52Z INFO Listener] Commit: 50afba61b40932c1084e31b5e9e7f5af325cc2ac
[2021-12-20 12:09:52Z INFO Listener] Culture: pl-PL
[2021-12-20 12:09:52Z INFO Listener] UI Culture: pl-PL
[2021-12-20 12:09:52Z INFO HostContext] Well known directory 'Bin': 'C:\Users\Huber\Desktop\inzynieria-oprogramowania-2021-2022\actions-runner\bin'
[2021-12-20 12:09:52Z INFO HostContext] Well known directory 'Root': 'C:\Users\Huber\Desktop\inzynieria-oprogramowania-2021-2022\actions-runner'
[2021-12-20 12:09:52Z INFO Listener] Validating directory permissions for: 'C:\Users\Huber\Desktop\inzynieria-oprogramowania-2021-2022\actions-runner'
[2021-12-20 12:09:52Z INFO CommandLineParser] Parse
[2021-12-20 12:09:52Z INFO CommandLineParser] Parsing 5 args
[2021-12-20 12:09:52Z INFO CommandLineParser] parsing argument
[2021-12-20 12:09:52Z INFO CommandLineParser] HasArgs: False
[2021-12-20 12:09:52Z INFO CommandLineParser] Adding Command: configure
[2021-12-20 12:09:52Z INFO CommandLineParser] parsing argument
[2021-12-20 12:09:52Z INFO CommandLineParser] HasArgs: True
[2021-12-20 12:09:52Z INFO CommandLineParser] arg: url
[2021-12-20 12:09:52Z INFO CommandLineParser] parsing argument
[2021-12-20 12:09:52Z INFO CommandLineParser] HasArgs: True
[2021-12-20 12:09:52Z INFO CommandLineParser] Adding option 'url': 'https://github.com/Happis255/inzynieria-oprogramowania-2021-2022'
[2021-12-20 12:09:52Z INFO CommandLineParser] parsing argument
[2021-12-20 12:09:52Z INFO CommandLineParser] HasArgs: True
[2021-12-20 12:09:52Z INFO CommandLineParser] arg: token
[2021-12-20 12:09:52Z INFO CommandLineParser] parsing argument
[2021-12-20 12:09:52Z INFO CommandLineParser] HasArgs: True
[2021-12-20 12:09:52Z INFO CommandLineParser] Adding option 'token': '***'
[2021-12-20 12:09:52Z INFO Listener] Arguments parsed
[2021-12-20 12:09:52Z INFO Runner] ExecuteCommand
[2021-12-20 12:09:52Z INFO ConfigurationStore] currentAssemblyLocation: C:\Users\Huber\Desktop\inzynieria-oprogramowania-2021-2022\actions-runner\bin\Runner.Listener.dll
[2021-12-20 12:09:52Z INFO HostContext] Well known directory 'Bin': 'C:\Users\Huber\Desktop\inzynieria-oprogramowania-2021-2022\actions-runner\bin'
[2021-12-20 12:09:52Z INFO ConfigurationStore] binPath: C:\Users\Huber\Desktop\inzynieria-oprogramowania-2021-2022\actions-runner\bin
[2021-12-20 12:09:52Z INFO HostContext] Well known directory 'Bin': 'C:\Users\Huber\Desktop\inzynieria-oprogramowania-2021-2022\actions-runner\bin'
[2021-12-20 12:09:52Z INFO HostContext] Well known directory 'Root': 'C:\Users\Huber\Desktop\inzynieria-oprogramowania-2021-2022\actions-runner'
[2021-12-20 12:09:52Z INFO ConfigurationStore] RootFolder: C:\Users\Huber\Desktop\inzynieria-oprogramowania-2021-2022\actions-runner
[2021-12-20 12:09:52Z INFO HostContext] Well known directory 'Bin': 'C:\Users\Huber\Desktop\inzynieria-oprogramowania-2021-2022\actions-runner\bin'
[2021-12-20 12:09:52Z INFO HostContext] Well known directory 'Root': 'C:\Users\Huber\Desktop\inzynieria-oprogramowania-2021-2022\actions-runner'
[2021-12-20 12:09:52Z INFO HostContext] Well known config file 'Runner': 'C:\Users\Huber\Desktop\inzynieria-oprogramowania-2021-2022\actions-runner\.runner'
[2021-12-20 12:09:52Z INFO ConfigurationStore] ConfigFilePath: C:\Users\Huber\Desktop\inzynieria-oprogramowania-2021-2022\actions-runner\.runner
[2021-12-20 12:09:52Z INFO HostContext] Well known directory 'Bin': 'C:\Users\Huber\Desktop\inzynieria-oprogramowania-2021-2022\actions-runner\bin'
[2021-12-20 12:09:52Z INFO HostContext] Well known directory 'Root': 'C:\Users\Huber\Desktop\inzynieria-oprogramowania-2021-2022\actions-runner'
[2021-12-20 12:09:52Z INFO HostContext] Well known config file 'Credentials': 'C:\Users\Huber\Desktop\inzynieria-oprogramowania-2021-2022\actions-runner\.credentials'
[2021-12-20 12:09:52Z INFO ConfigurationStore] CredFilePath: C:\Users\Huber\Desktop\inzynieria-oprogramowania-2021-2022\actions-runner\.credentials
[2021-12-20 12:09:52Z INFO HostContext] Well known directory 'Bin': 'C:\Users\Huber\Desktop\inzynieria-oprogramowania-2021-2022\actions-runner\bin'
[2021-12-20 12:09:52Z INFO HostContext] Well known directory 'Root': 'C:\Users\Huber\Desktop\inzynieria-oprogramowania-2021-2022\actions-runner'
[2021-12-20 12:09:52Z INFO HostContext] Well known config file 'MigratedCredentials': 'C:\Users\Huber\Desktop\inzynieria-oprogramowania-2021-2022\actions-runner\.credentials_migrated'
[2021-12-20 12:09:52Z INFO ConfigurationStore] MigratedCredFilePath: C:\Users\Huber\Desktop\inzynieria-oprogramowania-2021-2022\actions-runner\.credentials_migrated
[2021-12-20 12:09:52Z INFO HostContext] Well known directory 'Bin': 'C:\Users\Huber\Desktop\inzynieria-oprogramowania-2021-2022\actions-runner\bin'
[2021-12-20 12:09:52Z INFO HostContext] Well known directory 'Root': 'C:\Users\Huber\Desktop\inzynieria-oprogramowania-2021-2022\actions-runner'
[2021-12-20 12:09:52Z INFO HostContext] Well known config file 'Service': 'C:\Users\Huber\Desktop\inzynieria-oprogramowania-2021-2022\actions-runner\.service'
[2021-12-20 12:09:52Z INFO ConfigurationStore] ServiceConfigFilePath: C:\Users\Huber\Desktop\inzynieria-oprogramowania-2021-2022\actions-runner\.service
[2021-12-20 12:09:52Z INFO CommandSettings] Flag 'help': 'False'
[2021-12-20 12:09:52Z INFO CommandSettings] Flag 'version': 'False'
[2021-12-20 12:09:52Z INFO CommandSettings] Flag 'commit': 'False'
[2021-12-20 12:09:52Z INFO CommandSettings] Flag 'check': 'False'
[2021-12-20 12:09:52Z INFO CommandSettings] Command 'configure': 'True'
[2021-12-20 12:09:52Z INFO Terminal] WRITE LINE: 
[2021-12-20 12:09:52Z INFO Terminal] WRITE LINE: --------------------------------------------------------------------------------
[2021-12-20 12:09:52Z INFO Terminal] WRITE LINE: |        ____ _ _   _   _       _          _        _   _                      |
[2021-12-20 12:09:52Z INFO Terminal] WRITE LINE: |       / ___(_) |_| | | |_   _| |__      / \   ___| |_(_) ___  _ __  ___      |
[2021-12-20 12:09:52Z INFO Terminal] WRITE LINE: |      | |  _| | __| |_| | | | | '_ \    / _ \ / __| __| |/ _ \| '_ \/ __|     |
[2021-12-20 12:09:52Z INFO Terminal] WRITE LINE: |      | |_| | | |_|  _  | |_| | |_) |  / ___ \ (__| |_| | (_) | | | \__ \     |
[2021-12-20 12:09:52Z INFO Terminal] WRITE LINE: |       \____|_|\__|_| |_|\__,_|_.__/  /_/   \_\___|\__|_|\___/|_| |_|___/     |
[2021-12-20 12:09:52Z INFO Terminal] WRITE LINE: |                                                                              |
[2021-12-20 12:09:52Z INFO Terminal] WRITE: |                       
[2021-12-20 12:09:52Z INFO Terminal] WRITE: Self-hosted runner registration
[2021-12-20 12:09:52Z INFO Terminal] WRITE LINE:                         |
[2021-12-20 12:09:52Z INFO Terminal] WRITE LINE: |                                                                              |
[2021-12-20 12:09:52Z INFO Terminal] WRITE LINE: --------------------------------------------------------------------------------
[2021-12-20 12:09:52Z INFO ConfigurationManager] ConfigureAsync
[2021-12-20 12:09:52Z INFO ConfigurationStore] IsConfigured()
[2021-12-20 12:09:52Z INFO ConfigurationStore] IsConfigured: False
[2021-12-20 12:09:52Z INFO ConfigurationManager] Is configured: False
[2021-12-20 12:09:52Z INFO CommandSettings] Arg 'url': 'https://github.com/Happis255/inzynieria-oprogramowania-2021-2022'
[2021-12-20 12:09:52Z INFO CommandSettings] Remove url from Arg dictionary.
[2021-12-20 12:09:52Z INFO CommandSettings] Arg 'token': '***'
[2021-12-20 12:09:52Z INFO CommandSettings] Remove token from Arg dictionary.
[2021-12-20 12:09:54Z INFO ConfigurationManager] Http response code: OK from 'POST https://api.github.com/actions/runner-registration'
[2021-12-20 12:09:54Z INFO ConfigurationManager] cred retrieved via GitHub auth
[2021-12-20 12:09:54Z INFO RunnerServer] Establish connection with 100 seconds timeout.
[2021-12-20 12:09:54Z INFO GitHubActionsService] Starting operation Location.GetConnectionData
[2021-12-20 12:09:54Z INFO RunnerServer] Establish connection with 60 seconds timeout.
[2021-12-20 12:09:54Z INFO GitHubActionsService] Starting operation Location.GetConnectionData
[2021-12-20 12:09:54Z INFO RunnerServer] Establish connection with 60 seconds timeout.
[2021-12-20 12:09:54Z INFO GitHubActionsService] Starting operation Location.GetConnectionData
[2021-12-20 12:09:55Z INFO GitHubActionsService] Finished operation Location.GetConnectionData
[2021-12-20 12:09:55Z INFO GitHubActionsService] Finished operation Location.GetConnectionData
[2021-12-20 12:09:55Z INFO GitHubActionsService] Finished operation Location.GetConnectionData
[2021-12-20 12:09:55Z INFO Terminal] WRITE LINE: 
[2021-12-20 12:09:55Z INFO ConfigurationManager] Test Connection complete.
[2021-12-20 12:09:55Z INFO HostContext] Well known directory 'Bin': 'C:\Users\Huber\Desktop\inzynieria-oprogramowania-2021-2022\actions-runner\bin'
[2021-12-20 12:09:55Z INFO HostContext] Well known directory 'Root': 'C:\Users\Huber\Desktop\inzynieria-oprogramowania-2021-2022\actions-runner'
[2021-12-20 12:09:55Z INFO HostContext] Well known config file 'RSACredentials': 'C:\Users\Huber\Desktop\inzynieria-oprogramowania-2021-2022\actions-runner\.credentials_rsaparams'
[2021-12-20 12:09:55Z INFO RSAEncryptedFileKeyManager] Creating new RSA key using 2048-bit key length
[2021-12-20 12:09:55Z INFO RSAEncryptedFileKeyManager] Successfully saved RSA key parameters to file C:\Users\Huber\Desktop\inzynieria-oprogramowania-2021-2022\actions-runner\.credentials_rsaparams
[2021-12-20 12:09:55Z INFO CommandSettings] Arg 'runnergroup': ''
[2021-12-20 12:09:55Z INFO CommandSettings] Flag 'unattended': 'False'
[2021-12-20 12:09:55Z INFO PromptManager] ReadValue
[2021-12-20 12:09:55Z INFO Terminal] WRITE: Enter the name of the runner group to add this runner to: 
[2021-12-20 12:09:55Z INFO Terminal] WRITE: [press Enter for Default] 
[2021-12-20 12:09:55Z INFO Terminal] READ LINE
[2021-12-20 12:10:20Z INFO Terminal] Read value: 'io-2021'
[2021-12-20 12:10:20Z INFO Terminal] WRITE LINE: 
[2021-12-20 12:10:20Z ERR  Runner] GitHub.DistributedTask.WebApi.TaskAgentPoolNotFoundException: Could not find any self-hosted runner group named "io-2021".
   at GitHub.Runner.Listener.Configuration.ConfigurationManager.ConfigureAsync(CommandSettings command)
   at GitHub.Runner.Listener.Runner.ExecuteCommand(CommandSettings command)
[2021-12-20 12:10:20Z ERR  Terminal] WRITE ERROR: Could not find any self-hosted runner group named "io-2021".
[2021-12-20 12:10:20Z INFO Listener] Runner execution has finished with return code 1
